[2020-07-16 17:49:52 Game started
[2020-07-16 17:50:02 Players are Angel as X and William as O
[2020-07-16 17:50:02 Angel's turn
[2020-07-16 17:50:08 Angel placed X in column 3
[2020-07-16 17:50:08 William's turn
[2020-07-16 17:50:08 William placed O in column 5
[2020-07-16 17:50:08 Angel's turn
[2020-07-16 17:50:09 Angel placed X in column 3
[2020-07-16 17:50:09 William's turn
[2020-07-16 17:50:11 William placed O in column 5
[2020-07-16 17:50:11 Angel's turn
[2020-07-16 17:50:11 Angel placed X in column 3
[2020-07-16 17:50:11 William's turn
[2020-07-16 17:50:12 William placed O in column 5
[2020-07-16 17:50:12 Angel's turn
[2020-07-16 17:50:12 Angel placed X in column 3
[2020-07-16 17:50:12 Player Angel has won the game
[2020-07-22 08:53:35 Game started
[2020-07-22 08:53:45 Players are William as X and Angel as O
[2020-07-22 08:53:45 William's turn
[2020-07-22 08:53:47 William placed X in column 4
[2020-07-22 08:53:47 Angel's turn
[2020-07-22 08:53:48 Angel placed O in column 1
[2020-07-22 08:53:48 William's turn
[2020-07-22 08:53:49 William placed X in column 4
[2020-07-22 08:53:49 Angel's turn
[2020-07-22 08:53:50 Angel placed O in column 1
[2020-07-22 08:53:50 William's turn
[2020-07-22 08:53:51 William placed X in column 4
[2020-07-22 08:53:51 Angel's turn
[2020-07-22 08:53:51 Angel placed O in column 1
[2020-07-22 08:53:51 William's turn
[2020-07-22 08:53:52 William placed X in column 4
[2020-07-22 08:53:52 Player William has won the game
[2020-07-22 09:42:01 Game started
[2020-07-22 09:42:09 Players are William as X and Angel as O
[2020-07-22 09:42:09 William's turn
[2020-07-22 09:42:11 William placed X in column 4
[2020-07-22 09:42:11 Angel's turn
[2020-07-22 09:42:12 Angel placed O in column 1
[2020-07-22 09:42:12 William's turn
[2020-07-22 09:42:13 William placed X in column 4
[2020-07-22 09:42:13 Angel's turn
[2020-07-22 09:42:14 Angel placed O in column 1
[2020-07-22 09:42:14 William's turn
[2020-07-22 09:42:14 William placed X in column 4
[2020-07-22 09:42:14 Angel's turn
[2020-07-22 09:43:30 Game started
[2020-07-22 09:43:37 Players are William as X and Angel as O
[2020-07-22 09:43:37 William's turn
[2020-07-22 09:43:38 William placed X in column 4
[2020-07-22 09:43:38 Angel's turn
[2020-07-22 09:43:39 Angel placed O in column 1
[2020-07-22 09:43:39 William's turn
[2020-07-22 09:43:40 William placed X in column 4
[2020-07-22 09:43:40 Angel's turn
[2020-07-22 09:43:40 Angel placed O in column 1
[2020-07-22 09:43:40 William's turn
[2020-07-22 09:44:01 Game started
[2020-07-22 09:44:07 Players are William as X and Angel as O
[2020-07-22 09:44:07 William's turn
[2020-07-22 09:44:08 William placed X in column 4
[2020-07-22 09:44:08 Angel's turn
[2020-07-22 09:44:08 Angel placed O in column 1
[2020-07-22 09:44:16 Game started
[2020-07-22 09:44:19 Players are a as X and s as O
[2020-07-22 09:44:19 a's turn
[2020-07-22 09:44:20 a placed X in column 4
[2020-07-22 09:44:20 s's turn
[2020-07-22 09:44:21 s placed O in column 5
[2020-07-22 09:44:21 a's turn
[2020-07-22 09:44:22 a placed X in column 5
[2020-07-22 09:44:22 s's turn
[2020-07-22 09:44:22 s placed O in column 6
[2020-07-22 09:44:22 a's turn
[2020-07-22 09:44:23 a placed X in column 3
[2020-07-22 09:44:23 s's turn
[2020-07-22 09:44:24 s placed O in column 4
[2020-07-22 09:44:24 a's turn
[2020-07-22 09:44:24 a placed X in column 5
[2020-07-22 09:44:24 s's turn
[2020-07-22 09:44:26 s placed O in column 2
[2020-07-22 09:44:26 a's turn
[2020-07-22 11:45:07 Game started
[2020-07-22 11:45:13 Players are wil as X and asd as O
[2020-07-22 11:45:36 Game started
[2020-07-22 11:45:40 Players are wil as X and asd as O
[2020-07-22 11:45:40 wil's turn
[2020-07-22 11:45:43 wil placed X in column 4
[2020-07-22 11:45:43 asd's turn
[2020-07-22 11:45:45 asd placed O in column 1
[2020-07-22 11:45:45 wil's turn
[2020-07-22 11:45:47 wil placed X in column 4
[2020-07-22 11:45:47 asd's turn
[2020-07-22 11:45:48 asd placed O in column 1
[2020-07-22 11:45:48 wil's turn
[2020-07-22 11:48:32 Game started
[2020-07-22 11:52:11 Game started
[2020-07-22 11:52:22 Players are William as ® and Cassie as ©
[2020-07-22 11:52:22 William's turn
[2020-07-22 11:52:26 William placed ® in column 4
[2020-07-22 11:52:26 Cassie's turn
[2020-07-22 11:52:26 Cassie placed © in column 1
[2020-07-22 11:52:26 William's turn
[2020-07-22 11:52:28 William placed ® in column 3
[2020-07-22 11:52:28 Cassie's turn
[2020-07-22 11:52:30 Cassie placed © in column 1
[2020-07-22 11:52:30 William's turn
[2020-07-22 11:52:31 William placed ® in column 5
[2020-07-22 11:52:31 Cassie's turn
[2020-07-22 11:52:33 Cassie placed © in column 2
[2020-07-22 11:52:33 William's turn
[2020-07-22 11:52:36 William placed ® in column 6
[2020-07-22 11:52:36 Player William has won the game
[2020-07-22 11:53:58 Game started
[2020-07-22 11:54:04 Players are Cassie as ▓ and William as ▒
[2020-07-22 11:54:04 Cassie's turn
[2020-07-22 11:54:08 Cassie placed ▓ in column 6
[2020-07-22 11:54:08 William's turn
[2020-07-22 11:54:11 William placed ▒ in column 2
[2020-07-22 11:54:11 Cassie's turn
[2020-07-22 11:54:12 Cassie placed ▓ in column 4
[2020-07-22 11:54:12 William's turn
[2020-07-22 11:54:18 William placed ▒ in column 4
[2020-07-22 11:54:18 Cassie's turn
[2020-07-22 11:54:21 Cassie placed ▓ in column 3
[2020-07-22 11:54:21 William's turn
[2020-07-22 11:54:23 William placed ▒ in column 5
[2020-07-22 11:54:23 Cassie's turn
[2020-07-22 11:54:28 Cassie placed ▓ in column 3
[2020-07-22 11:54:28 William's turn
[2020-07-22 11:54:35 William placed ▒ in column 3
[2020-07-22 11:54:35 Cassie's turn
[2020-07-22 11:54:38 Cassie placed ▓ in column 2
[2020-07-22 11:54:38 William's turn
[2020-07-22 11:54:40 William placed ▒ in column 2
[2020-07-22 11:54:40 Cassie's turn
[2020-07-22 11:54:41 Cassie placed ▓ in column 2
[2020-07-22 11:54:41 William's turn
[2020-07-22 11:54:43 William placed ▒ in column 4
[2020-07-22 11:54:43 Cassie's turn
[2020-07-22 11:54:45 Cassie placed ▓ in column 5
[2020-07-22 11:54:45 William's turn
[2020-07-22 11:54:47 William placed ▒ in column 4
[2020-07-22 11:54:47 Cassie's turn
[2020-07-22 11:54:48 Cassie placed ▓ in column 5
[2020-07-22 11:54:48 William's turn
[2020-07-22 11:54:49 William placed ▒ in column 4
[2020-07-22 11:54:49 Player William has won the game
[2020-07-22 11:55:25 Game started
[2020-07-22 11:55:29 Players are Cassie as ▀ and William as ▀
[2020-07-22 11:55:29 Cassie's turn
[2020-07-22 11:55:33 Cassie placed ▀ in column 4
[2020-07-22 11:55:33 William's turn
[2020-07-22 11:55:39 William placed ▀ in column 2
[2020-07-22 11:55:39 Cassie's turn
[2020-07-22 11:55:40 Cassie placed ▀ in column 4
[2020-07-22 11:55:40 William's turn
[2020-07-22 11:55:40 William placed ▀ in column 2
[2020-07-22 11:55:40 Cassie's turn
[2020-07-22 11:55:41 Cassie placed ▀ in column 4
[2020-07-22 11:55:41 William's turn
[2020-07-22 11:55:41 William placed ▀ in column 2
[2020-07-22 11:55:41 Cassie's turn
[2020-07-22 11:55:43 Cassie placed ▀ in column 4
[2020-07-22 11:55:43 Player Cassie has won the game
[2020-07-22 11:56:17 Game started
[2020-07-22 11:56:22 Players are William as ■ and Cassie as ■
[2020-07-22 11:56:22 William's turn
[2020-07-22 11:56:24 William placed ■ in column 5
[2020-07-22 11:56:24 Cassie's turn
[2020-07-22 11:56:24 Cassie placed ■ in column 2
[2020-07-22 11:56:24 William's turn
[2020-07-22 11:56:25 William placed ■ in column 4
[2020-07-22 11:56:25 Cassie's turn
[2020-07-22 11:56:27 Cassie placed ■ in column 4
[2020-07-22 11:56:27 William's turn
[2020-07-22 11:56:27 William placed ■ in column 4
[2020-07-22 11:56:27 Cassie's turn
[2020-07-22 11:56:28 Cassie placed ■ in column 4
[2020-07-22 11:56:28 Player Cassie has won the game
[2020-07-22 11:57:31 Game started
[2020-07-22 11:57:39 Players are William as @ and Anne as ■
[2020-07-22 11:57:39 William's turn
[2020-07-22 11:57:42 William placed @ in column 4
[2020-07-22 11:57:42 Anne's turn
[2020-07-22 11:57:43 Anne placed ■ in column 1
[2020-07-22 11:57:43 William's turn
[2020-07-22 11:57:44 William placed @ in column 4
[2020-07-22 11:57:44 Anne's turn
[2020-07-22 11:57:45 Anne placed ■ in column 1
[2020-07-22 11:57:45 William's turn
[2020-07-22 11:57:47 William placed @ in column 3
[2020-07-22 11:57:47 Anne's turn
[2020-07-22 11:57:48 Anne placed ■ in column 2
[2020-07-22 11:57:48 William's turn
[2020-07-22 11:57:51 William placed @ in column 2
[2020-07-22 11:57:51 Anne's turn
[2020-07-22 11:57:53 Anne placed ■ in column 4
[2020-07-22 11:57:53 William's turn
[2020-07-22 11:57:54 William placed @ in column 1
[2020-07-22 11:57:54 Anne's turn
[2020-07-22 11:57:56 Anne placed ■ in column 4
[2020-07-22 11:57:56 William's turn
[2020-07-22 11:58:01 William placed @ in column 2
[2020-07-22 11:58:01 Anne's turn
[2020-07-22 11:58:03 Anne placed ■ in column 5
[2020-07-22 11:58:03 William's turn
[2020-07-22 11:58:04 William placed @ in column 3
[2020-07-22 11:58:04 Anne's turn
[2020-07-22 11:58:07 Anne placed ■ in column 6
[2020-07-22 11:58:07 William's turn
[2020-07-22 11:58:08 William placed @ in column 5
[2020-07-22 11:58:08 Player William has won the game
[2020-07-22 12:01:14 Game started
[2020-07-22 12:01:19 Players are asd as @ and dsdd as ■
[2020-07-22 12:01:19 asd's turn
[2020-07-22 12:01:47 Game started
[2020-07-22 12:01:51 Players are dsf as @ and eer as ■
[2020-07-22 12:01:51 dsf's turn
[2020-07-22 12:01:54 dsf placed @ in column 5
[2020-07-22 12:01:54 eer's turn
[2020-07-22 12:01:55 eer placed ■ in column 4
[2020-07-22 12:01:55 dsf's turn
[2020-07-22 12:05:44 Game started
[2020-07-22 12:06:23 Players are William as @ and Cassie as ■
[2020-07-22 12:06:23 William's turn
[2020-07-22 12:06:28 William placed @ in column 4
[2020-07-22 12:06:28 Cassie's turn
[2020-07-22 12:06:29 Cassie placed ■ in column 1
[2020-07-22 12:06:29 William's turn
[2020-07-22 12:06:30 William placed @ in column 4
[2020-07-22 12:06:30 Cassie's turn
[2020-07-22 12:06:31 Cassie placed ■ in column 1
[2020-07-22 12:06:31 William's turn
[2020-07-22 12:06:32 William placed @ in column 2
[2020-07-22 12:06:32 Cassie's turn
[2020-07-22 12:06:33 Cassie placed ■ in column 4
[2020-07-22 12:06:33 William's turn
[2020-07-22 12:06:37 William placed @ in column 3
[2020-07-22 12:06:37 Cassie's turn
[2020-07-22 12:06:39 Cassie placed ■ in column 3
[2020-07-22 12:06:39 William's turn
[2020-07-22 12:06:44 William placed @ in column 5
[2020-07-22 12:06:44 Player William has won the game
[2020-07-22 12:12:40 Game started
[2020-07-22 12:12:46 Players are Angel as @ and Anne as ■
[2020-07-22 12:12:46 Angel's turn
[2020-07-22 12:12:49 Angel placed @ in column 2
[2020-07-22 12:12:49 Anne's turn
[2020-07-22 12:12:53 Anne placed ■ in column 5
[2020-07-22 12:12:53 Angel's turn
[2020-07-22 12:12:55 Angel placed @ in column 3
[2020-07-22 12:12:55 Anne's turn
[2020-07-22 12:12:58 Anne placed ■ in column 5
[2020-07-22 12:12:58 Angel's turn
[2020-07-22 12:12:59 Angel placed @ in column 1
[2020-07-22 12:12:59 Anne's turn
[2020-07-22 12:13:02 Anne placed ■ in column 4
[2020-07-22 12:13:02 Angel's turn
[2020-07-22 12:13:05 Angel placed @ in column 1
[2020-07-22 12:13:05 Anne's turn
[2020-07-22 12:13:07 Anne placed ■ in column 5
[2020-07-22 12:13:07 Angel's turn
[2020-07-22 12:13:09 Angel placed @ in column 2
[2020-07-22 12:13:09 Anne's turn
[2020-07-22 12:13:11 Anne placed ■ in column 5
[2020-07-22 12:13:11 Player Anne has won the game
[2020-07-22 12:22:37 Game started
[2020-07-22 12:22:45 Players are nobody as @ and nothing as ■
[2020-07-22 12:22:45 nobody's turn
[2020-07-22 12:22:50 nobody placed @ in column 7
[2020-07-22 12:22:50 Stalemate between nobody and nothing
[2020-07-22 12:22:50 nothing's turn
[2020-07-22 12:22:53 Bad placement by nothing
[2020-07-22 12:22:53 nothing's turn
[2020-07-22 12:23:20 Game started
[2020-07-22 12:23:26 Players are asdf as @ and jklo as ■
[2020-07-22 12:23:26 asdf's turn
[2020-07-22 12:23:30 asdf placed @ in column 7
[2020-07-22 12:23:30 Stalemate between asdf and jklo
[2020-07-22 12:24:53 Game started
[2020-07-22 12:24:58 Players are sdf as @ and fds as ■
[2020-07-22 12:24:58 sdf's turn
[2020-07-22 12:25:00 sdf placed @ in column 7
[2020-07-22 12:25:00 Stalemate between sdf and fds
[2020-07-22 12:25:29 Game started
[2020-07-22 12:25:33 Players are sdf as @ and few as ■
[2020-07-22 12:25:33 sdf's turn
[2020-07-22 12:25:35 sdf placed @ in column 7
[2020-07-22 12:25:35 Stalemate between sdf and few
[2020-07-22 12:31:04 Game started
[2020-07-22 12:32:20 Game started
[2020-07-22 12:32:31 Game started
[2020-07-22 12:34:43 Game started
[2020-07-22 12:45:54 Game started
[2020-07-22 12:45:58 Players are asd as @ and fds as ■
[2020-07-22 12:45:58 asd's turn
[2020-07-22 12:46:04 asd placed @ in column 4
[2020-07-22 12:46:04 fds's turn
[2020-07-22 12:46:09 fds placed ■ in column 2
[2020-07-22 12:46:09 asd's turn
[2020-07-22 12:46:10 asd placed @ in column 4
[2020-07-22 12:46:10 fds's turn
[2020-07-22 12:46:10 fds placed ■ in column 2
[2020-07-22 12:46:10 asd's turn
[2020-07-22 12:46:11 asd placed @ in column 4
[2020-07-22 12:46:11 fds's turn
[2020-07-22 12:46:11 fds placed ■ in column 2
[2020-07-22 12:46:11 asd's turn
[2020-07-22 12:46:24 Game started
[2020-07-22 12:51:25 Game started
[2020-07-22 12:51:52 Players are mramos as @ and William as ■
[2020-07-22 12:51:52 mramos's turn
[2020-07-22 12:52:16 mramos placed @ in column 1
[2020-07-22 12:52:16 William's turn
[2020-07-22 12:52:20 William placed ■ in column 5
[2020-07-22 12:52:20 mramos's turn
[2020-07-22 12:52:26 mramos placed @ in column 7
[2020-07-22 12:52:26 William's turn
[2020-07-22 12:52:29 William placed ■ in column 4
[2020-07-22 12:52:29 mramos's turn
[2020-07-22 12:52:36 mramos placed @ in column 3
[2020-07-22 12:52:36 William's turn
[2020-07-22 12:52:43 William placed ■ in column 4
[2020-07-22 12:52:43 mramos's turn
[2020-07-22 12:52:56 mramos placed @ in column 4
[2020-07-22 12:52:56 William's turn
[2020-07-22 12:53:01 William placed ■ in column 2
[2020-07-22 12:53:01 mramos's turn
[2020-07-22 12:53:11 mramos placed @ in column 5
[2020-07-22 12:53:11 William's turn
[2020-07-22 12:53:20 William placed ■ in column 6
[2020-07-22 12:53:20 mramos's turn
[2020-07-22 12:53:27 mramos placed @ in column 2
[2020-07-22 12:53:27 William's turn
[2020-07-22 12:53:42 William placed ■ in column 2
[2020-07-22 12:53:42 mramos's turn
[2020-07-22 12:53:50 mramos placed @ in column 1
[2020-07-22 12:53:50 William's turn
[2020-07-22 12:53:59 William placed ■ in column 2
[2020-07-22 12:53:59 mramos's turn
[2020-07-22 12:54:15 mramos placed @ in column 3
[2020-07-22 12:54:15 William's turn
[2020-07-22 12:54:18 William placed ■ in column 3
[2020-07-22 12:54:18 mramos's turn
[2020-07-22 12:54:57 mramos placed @ in column 3
[2020-07-22 12:54:57 William's turn
[2020-07-22 12:55:15 William placed ■ in column 6
[2020-07-22 12:55:15 mramos's turn
[2020-07-22 12:55:24 mramos placed @ in column 2
[2020-07-22 12:55:24 Player mramos has won the game
[2020-07-22 12:56:55 Game started
[2020-07-24 07:10:49 Game started
[2020-07-24 07:10:57 Players are asd as @ and fds as ■
[2020-07-24 07:10:57 asd's turn
[2020-07-24 07:10:59 asd placed @ in column 3
[2020-07-24 07:18:33 Game started
[2020-07-24 07:18:39 Players are asd as @ and fds as ■
[2020-07-24 07:18:39 asd's turn
[2020-07-24 07:18:41 asd placed @ in column 4
[2020-07-24 08:23:15 Game started
[2020-07-24 08:23:20 Players are asd as @ and fds as ■
[2020-07-24 08:23:20 asd's turn
[2020-07-24 08:23:21 asd placed @ in column 3
[2020-07-24 09:53:33 Game started
[2020-07-24 09:53:37 Players are asd as @ and fds as ■
[2020-07-24 09:53:37 asd's turn
[2020-07-24 09:53:41 asd placed @ in column 4
[2020-07-24 09:56:01 Game started
[2020-07-24 09:56:06 Players are sdf as @ and fds as ■
[2020-07-24 09:56:06 sdf's turn
[2020-07-24 09:56:08 sdf placed @ in column 5
[2020-07-24 09:56:08 fds's turn
[2020-07-24 09:56:10 fds placed ■ in column 4
[2020-07-24 09:56:10 sdf's turn
[2020-07-24 09:56:12 sdf placed @ in column 5
[2020-07-24 09:56:12 fds's turn
[2020-07-24 09:56:13 fds placed ■ in column 4
[2020-07-24 09:56:13 sdf's turn
[2020-07-24 09:56:14 sdf placed @ in column 5
[2020-07-24 09:56:14 fds's turn
[2020-07-24 09:56:14 fds placed ■ in column 4
[2020-07-24 09:56:14 sdf's turn
[2020-07-24 09:56:15 sdf placed @ in column 5
[2020-07-24 09:56:15 Player sdf has won the game
[2020-07-24 09:56:27 Game started
[2020-07-24 09:56:34 Players are sdf as @ and fds as ■
[2020-07-24 09:56:34 sdf's turn
[2020-07-24 09:56:43 sdf placed @ in column 4
[2020-07-24 09:56:43 fds's turn
[2020-07-24 09:56:44 fds placed ■ in column 1
[2020-07-24 09:56:44 sdf's turn
[2020-07-24 09:56:45 sdf placed @ in column 5
[2020-07-24 09:56:45 fds's turn
[2020-07-24 09:56:47 fds placed ■ in column 1
[2020-07-24 09:56:47 sdf's turn
[2020-07-24 09:56:48 sdf placed @ in column 3
[2020-07-24 09:56:48 fds's turn
[2020-07-24 09:56:50 fds placed ■ in column 1
[2020-07-24 09:56:50 sdf's turn
[2020-07-24 09:56:52 sdf placed @ in column 6
[2020-07-24 09:56:52 Player sdf has won the game
[2020-07-24 09:57:00 Game started
[2020-07-24 09:57:04 Players are sdf as @ and fds as ■
[2020-07-24 09:57:04 sdf's turn
[2020-07-24 09:57:20 sdf placed @ in column 4
[2020-07-24 09:57:20 fds's turn
[2020-07-24 09:57:21 fds placed ■ in column 3
[2020-07-24 09:57:21 sdf's turn
[2020-07-24 09:57:23 sdf placed @ in column 3
[2020-07-24 09:57:23 fds's turn
[2020-07-24 09:57:25 fds placed ■ in column 2
[2020-07-24 09:57:25 sdf's turn
[2020-07-24 09:57:26 sdf placed @ in column 2
[2020-07-24 09:57:26 fds's turn
[2020-07-24 09:57:31 fds placed ■ in column 1
[2020-07-24 09:57:31 sdf's turn
[2020-07-24 09:57:33 sdf placed @ in column 1
[2020-07-24 09:57:33 fds's turn
[2020-07-24 09:57:36 fds placed ■ in column 1
[2020-07-24 09:57:36 sdf's turn
[2020-07-24 09:57:52 sdf placed @ in column 1
[2020-07-24 09:57:52 fds's turn
[2020-07-24 09:57:57 fds placed ■ in column 7
[2020-07-24 09:57:57 sdf's turn
[2020-07-24 09:57:59 sdf placed @ in column 2
[2020-07-24 09:57:59 Player sdf has won the game
[2020-07-24 09:58:04 Game started
[2020-07-24 09:58:09 Players are sdf as @ and fds as ■
[2020-07-24 09:58:09 sdf's turn
[2020-07-24 09:58:16 sdf placed @ in column 4
[2020-07-24 09:58:16 fds's turn
[2020-07-24 09:58:17 fds placed ■ in column 5
[2020-07-24 09:58:17 sdf's turn
[2020-07-24 09:58:20 sdf placed @ in column 5
[2020-07-24 09:58:20 fds's turn
[2020-07-24 09:58:22 fds placed ■ in column 6
[2020-07-24 09:58:22 sdf's turn
[2020-07-24 09:58:23 sdf placed @ in column 6
[2020-07-24 09:58:23 fds's turn
[2020-07-24 09:58:26 fds placed ■ in column 7
[2020-07-24 09:58:26 sdf's turn
[2020-07-24 09:58:27 sdf placed @ in column 7
[2020-07-24 09:58:27 fds's turn
[2020-07-24 09:58:29 fds placed ■ in column 7
[2020-07-24 09:58:29 sdf's turn
[2020-07-24 09:58:31 sdf placed @ in column 7
[2020-07-24 09:58:31 fds's turn
[2020-07-24 09:58:33 fds placed ■ in column 6
[2020-07-24 09:58:33 sdf's turn
[2020-07-24 09:58:44 sdf placed @ in column 4
[2020-07-24 09:58:44 Player sdf has won the game
[2020-07-24 09:58:47 Game started
[2020-07-24 09:58:51 Players are sdf as @ and fds as ■
[2020-07-24 09:58:51 sdf's turn
[2020-07-24 09:58:53 sdf placed @ in column 4
[2020-07-24 09:58:53 fds's turn
[2020-07-24 09:58:54 fds placed ■ in column 5
[2020-07-24 09:58:54 sdf's turn
[2020-07-24 09:58:55 sdf placed @ in column 5
[2020-07-24 09:58:55 fds's turn
[2020-07-24 09:58:56 fds placed ■ in column 6
[2020-07-24 09:58:56 sdf's turn
[2020-07-24 09:58:57 sdf placed @ in column 6
[2020-07-24 09:58:57 fds's turn
[2020-07-24 09:59:03 fds placed ■ in column 7
[2020-07-24 09:59:03 sdf's turn
[2020-07-24 09:59:04 sdf placed @ in column 7
[2020-07-24 09:59:04 fds's turn
[2020-07-24 09:59:06 fds placed ■ in column 7
[2020-07-24 09:59:06 sdf's turn
[2020-07-24 09:59:14 sdf placed @ in column 7
[2020-07-24 09:59:14 fds's turn
[2020-07-24 09:59:17 fds placed ■ in column 1
[2020-07-24 09:59:17 sdf's turn
[2020-07-24 09:59:18 sdf placed @ in column 6
[2020-07-24 09:59:18 Player sdf has won the game
[2020-07-24 10:00:02 Game started
[2020-07-24 10:01:01 Game started
[2020-07-24 10:02:31 Game started
[2020-07-24 10:03:19 Game started
[2020-07-24 10:04:41 Game started
[2020-07-24 11:53:44 Game started
[2020-07-24 12:07:27 Game started
[2020-07-24 12:07:41 Players are mramos as @ and William as ■
[2020-07-24 12:07:41 mramos's turn
[2020-07-24 12:07:48 mramos placed @ in column 1
[2020-07-24 12:07:48 William's turn
[2020-07-24 12:07:52 William placed ■ in column 5
[2020-07-24 12:07:52 mramos's turn
[2020-07-24 12:07:58 mramos placed @ in column 4
[2020-07-24 12:07:58 William's turn
[2020-07-24 12:08:06 William placed ■ in column 4
[2020-07-24 12:08:06 mramos's turn
[2020-07-24 12:08:25 mramos placed @ in column 2
[2020-07-24 12:08:25 William's turn
[2020-07-24 12:08:29 William placed ■ in column 3
[2020-07-24 12:08:29 mramos's turn
[2020-07-24 12:08:39 mramos placed @ in column 1
[2020-07-24 12:08:39 William's turn
[2020-07-24 12:08:49 William placed ■ in column 2
[2020-07-24 12:08:49 mramos's turn
[2020-07-24 12:09:12 mramos placed @ in column 5
[2020-07-24 12:09:12 William's turn
[2020-07-24 12:09:23 William placed ■ in column 5
[2020-07-24 12:09:23 mramos's turn
[2020-07-24 12:09:38 mramos placed @ in column 4
[2020-07-24 12:09:38 William's turn
[2020-07-24 12:09:55 William placed ■ in column 6
[2020-07-24 12:09:55 mramos's turn
[2020-07-24 12:10:25 mramos placed @ in column 3
[2020-07-24 12:10:25 William's turn
[2020-07-24 12:10:32 William placed ■ in column 5
[2020-07-24 12:10:32 mramos's turn
[2020-07-24 12:10:33 mramos placed @ in column 1
[2020-07-24 12:10:33 William's turn
[2020-07-24 12:10:36 William placed ■ in column 1
[2020-07-24 12:10:36 mramos's turn
[2020-07-24 12:10:56 mramos placed @ in column 2
[2020-07-24 12:10:56 William's turn
[2020-07-24 12:11:05 William placed ■ in column 3
[2020-07-24 12:11:05 mramos's turn
[2020-07-24 12:11:20 mramos placed @ in column 2
[2020-07-24 12:11:20 William's turn
[2020-07-24 12:11:35 William placed ■ in column 4
[2020-07-24 12:11:35 mramos's turn
[2020-07-24 12:11:45 mramos placed @ in column 3
[2020-07-24 12:11:45 William's turn
[2020-07-24 12:11:54 William placed ■ in column 5
[2020-07-24 12:11:54 Player William has won the game
[2020-07-24 12:12:26 Game started
